<?xml version="1.0" encoding="UTF-8"?>
<!-- Generated by org.testng.reporters.JUnitReportReporter -->
<testsuite hostname="LAPTOP-OUSV02BT" failures="0" tests="1" name="com.automation.testcases.CXTest" time="20.468" errors="0" timestamp="09 Jul 2021 13:42:47 GMT" skipped="0">
  <testcase classname="com.automation.testcases.CXTest" name="testmemberSite" time="20.468"/>
</testsuite> <!-- com.automation.testcases.CXTest -->
