<?xml version="1.0" encoding="UTF-8"?>
<!-- Generated by org.testng.reporters.JUnitReportReporter -->
<testsuite hostname="LAPTOP-OUSV02BT" failures="0" tests="1" name="com.automation.testcases.CountryDropdownTest" time="11.894" errors="0" timestamp="10 Jul 2021 12:44:37 GMT" skipped="0">
  <testcase classname="com.automation.testcases.CountryDropdownTest" name="testCounryDropdown" time="11.894"/>
</testsuite> <!-- com.automation.testcases.CountryDropdownTest -->
