<?xml version="1.0" encoding="UTF-8"?>
<!-- Generated by org.testng.reporters.JUnitReportReporter -->
<testsuite hostname="LAPTOP-OUSV02BT" failures="0" tests="1" name="com.automation.testcases.CXTest" time="329.468" errors="0" timestamp="11 Jul 2021 13:20:04 GMT" skipped="0">
  <testcase classname="com.automation.testcases.CXTest" name="testMemberSite" time="329.468"/>
</testsuite> <!-- com.automation.testcases.CXTest -->
